GAS LISTING /tmp/ccgJwnot.s 			page 1


   1               		.file	"sineTable.c"
   2               	__SP_H__ = 0x3e
   3               	__SP_L__ = 0x3d
   4               	__SREG__ = 0x3f
   5               	__tmp_reg__ = 0
   6               	__zero_reg__ = 1
   7               		.stabs	"/home/bernhard/source/avr-edid-spoofer/",100,0,2,.Ltext0
   8               		.stabs	"_commonCode_localized/sineTable/0.99/sineTable.c",100,0,2,.Ltext0
   9               		.text
  10               	.Ltext0:
  11               		.stabs	"gcc2_compiled.",60,0,0,0
  12               		.stabs	"int:t(0,1)=r(0,1);-32768;32767;",128,0,0,0
  13               		.stabs	"char:t(0,2)=@s8;r(0,2);0;255;",128,0,0,0
  14               		.stabs	"long int:t(0,3)=@s32;r(0,3);020000000000;017777777777;",128,0,0,0
  15               		.stabs	"unsigned int:t(0,4)=r(0,4);0;0177777;",128,0,0,0
  16               		.stabs	"long unsigned int:t(0,5)=@s32;r(0,5);0;037777777777;",128,0,0,0
  17               		.stabs	"__int128:t(0,6)=@s128;r(0,6);02000000000000000000000000000000000000000000;0177777777777777
  18               		.stabs	"__int128 unsigned:t(0,7)=@s128;r(0,7);0;03777777777777777777777777777777777777777777;",128
  19               		.stabs	"long long int:t(0,8)=@s64;r(0,8);01000000000000000000000;00777777777777777777777;",128,0,0
  20               		.stabs	"long long unsigned int:t(0,9)=@s64;r(0,9);0;01777777777777777777777;",128,0,0,0
  21               		.stabs	"short int:t(0,10)=r(0,10);-32768;32767;",128,0,0,0
  22               		.stabs	"short unsigned int:t(0,11)=r(0,11);0;0177777;",128,0,0,0
  23               		.stabs	"signed char:t(0,12)=@s8;r(0,12);-128;127;",128,0,0,0
  24               		.stabs	"unsigned char:t(0,13)=@s8;r(0,13);0;255;",128,0,0,0
  25               		.stabs	"float:t(0,14)=r(0,1);4;0;",128,0,0,0
  26               		.stabs	"double:t(0,15)=r(0,1);4;0;",128,0,0,0
  27               		.stabs	"long double:t(0,16)=r(0,1);4;0;",128,0,0,0
  28               		.stabs	"short _Fract:t(0,17)=r(0,1);1;0;",128,0,0,0
  29               		.stabs	"_Fract:t(0,18)=r(0,1);2;0;",128,0,0,0
  30               		.stabs	"long _Fract:t(0,19)=r(0,1);4;0;",128,0,0,0
  31               		.stabs	"long long _Fract:t(0,20)=r(0,1);8;0;",128,0,0,0
  32               		.stabs	"unsigned short _Fract:t(0,21)=r(0,1);1;0;",128,0,0,0
  33               		.stabs	"unsigned _Fract:t(0,22)=r(0,1);2;0;",128,0,0,0
  34               		.stabs	"unsigned long _Fract:t(0,23)=r(0,1);4;0;",128,0,0,0
  35               		.stabs	"unsigned long long _Fract:t(0,24)=r(0,1);8;0;",128,0,0,0
  36               		.stabs	"_Sat short _Fract:t(0,25)=r(0,1);1;0;",128,0,0,0
  37               		.stabs	"_Sat _Fract:t(0,26)=r(0,1);2;0;",128,0,0,0
  38               		.stabs	"_Sat long _Fract:t(0,27)=r(0,1);4;0;",128,0,0,0
  39               		.stabs	"_Sat long long _Fract:t(0,28)=r(0,1);8;0;",128,0,0,0
  40               		.stabs	"_Sat unsigned short _Fract:t(0,29)=r(0,1);1;0;",128,0,0,0
  41               		.stabs	"_Sat unsigned _Fract:t(0,30)=r(0,1);2;0;",128,0,0,0
  42               		.stabs	"_Sat unsigned long _Fract:t(0,31)=r(0,1);4;0;",128,0,0,0
  43               		.stabs	"_Sat unsigned long long _Fract:t(0,32)=r(0,1);8;0;",128,0,0,0
  44               		.stabs	"short _Accum:t(0,33)=r(0,1);2;0;",128,0,0,0
  45               		.stabs	"_Accum:t(0,34)=r(0,1);4;0;",128,0,0,0
  46               		.stabs	"long _Accum:t(0,35)=r(0,1);8;0;",128,0,0,0
  47               		.stabs	"long long _Accum:t(0,36)=r(0,1);8;0;",128,0,0,0
  48               		.stabs	"unsigned short _Accum:t(0,37)=r(0,1);2;0;",128,0,0,0
  49               		.stabs	"unsigned _Accum:t(0,38)=r(0,1);4;0;",128,0,0,0
  50               		.stabs	"unsigned long _Accum:t(0,39)=r(0,1);8;0;",128,0,0,0
  51               		.stabs	"unsigned long long _Accum:t(0,40)=r(0,1);8;0;",128,0,0,0
  52               		.stabs	"_Sat short _Accum:t(0,41)=r(0,1);2;0;",128,0,0,0
  53               		.stabs	"_Sat _Accum:t(0,42)=r(0,1);4;0;",128,0,0,0
  54               		.stabs	"_Sat long _Accum:t(0,43)=r(0,1);8;0;",128,0,0,0
  55               		.stabs	"_Sat long long _Accum:t(0,44)=r(0,1);8;0;",128,0,0,0
  56               		.stabs	"_Sat unsigned short _Accum:t(0,45)=r(0,1);2;0;",128,0,0,0
  57               		.stabs	"_Sat unsigned _Accum:t(0,46)=r(0,1);4;0;",128,0,0,0
GAS LISTING /tmp/ccgJwnot.s 			page 2


  58               		.stabs	"_Sat unsigned long _Accum:t(0,47)=r(0,1);8;0;",128,0,0,0
  59               		.stabs	"_Sat unsigned long long _Accum:t(0,48)=r(0,1);8;0;",128,0,0,0
  60               		.stabs	"void:t(0,49)=(0,49)",128,0,0,0
  61               		.stabs	"_commonCode_localized/sineTable/0.99/sineTable.h",130,0,0,0
  62               		.stabs	"/usr/lib/avr/include/inttypes.h",130,0,0,0
  63               		.stabs	"/usr/lib/gcc/avr/5.4.0/include/stdint.h",130,0,0,0
  64               		.stabs	"/usr/lib/avr/include/stdint.h",130,0,0,0
  65               		.stabs	"int8_t:t(4,1)=(0,12)",128,0,125,0
  66               		.stabs	"uint8_t:t(4,2)=(0,13)",128,0,126,0
  67               		.stabs	"int16_t:t(4,3)=(0,1)",128,0,127,0
  68               		.stabs	"uint16_t:t(4,4)=(0,4)",128,0,128,0
  69               		.stabs	"int32_t:t(4,5)=(0,3)",128,0,129,0
  70               		.stabs	"uint32_t:t(4,6)=(0,5)",128,0,130,0
  71               		.stabs	"int64_t:t(4,7)=(0,8)",128,0,132,0
  72               		.stabs	"uint64_t:t(4,8)=(0,9)",128,0,133,0
  73               		.stabs	"intptr_t:t(4,9)=(4,3)",128,0,146,0
  74               		.stabs	"uintptr_t:t(4,10)=(4,4)",128,0,151,0
  75               		.stabs	"int_least8_t:t(4,11)=(4,1)",128,0,163,0
  76               		.stabs	"uint_least8_t:t(4,12)=(4,2)",128,0,168,0
  77               		.stabs	"int_least16_t:t(4,13)=(4,3)",128,0,173,0
  78               		.stabs	"uint_least16_t:t(4,14)=(4,4)",128,0,178,0
  79               		.stabs	"int_least32_t:t(4,15)=(4,5)",128,0,183,0
  80               		.stabs	"uint_least32_t:t(4,16)=(4,6)",128,0,188,0
  81               		.stabs	"int_least64_t:t(4,17)=(4,7)",128,0,196,0
  82               		.stabs	"uint_least64_t:t(4,18)=(4,8)",128,0,203,0
  83               		.stabs	"int_fast8_t:t(4,19)=(4,1)",128,0,217,0
  84               		.stabs	"uint_fast8_t:t(4,20)=(4,2)",128,0,222,0
  85               		.stabs	"int_fast16_t:t(4,21)=(4,3)",128,0,227,0
  86               		.stabs	"uint_fast16_t:t(4,22)=(4,4)",128,0,232,0
  87               		.stabs	"int_fast32_t:t(4,23)=(4,5)",128,0,237,0
  88               		.stabs	"uint_fast32_t:t(4,24)=(4,6)",128,0,242,0
  89               		.stabs	"int_fast64_t:t(4,25)=(4,7)",128,0,250,0
  90               		.stabs	"uint_fast64_t:t(4,26)=(4,8)",128,0,257,0
  91               		.stabs	"intmax_t:t(4,27)=(4,7)",128,0,277,0
  92               		.stabs	"uintmax_t:t(4,28)=(4,8)",128,0,282,0
  93               		.stabn	162,0,0,0
  94               		.stabn	162,0,0,0
  95               		.stabs	"int_farptr_t:t(2,1)=(4,5)",128,0,77,0
  96               		.stabs	"uint_farptr_t:t(2,2)=(4,6)",128,0,81,0
  97               		.stabn	162,0,0,0
  98               		.stabs	"/usr/lib/avr/include/avr/pgmspace.h",130,0,0,0
  99               		.stabs	"/usr/lib/gcc/avr/5.4.0/include/stddef.h",130,0,0,0
 100               		.stabs	"size_t:t(6,1)=(0,4)",128,0,216,0
 101               		.stabn	162,0,0,0
 102               		.stabs	"/usr/lib/avr/include/avr/io.h",130,0,0,0
 103               		.stabs	"/usr/lib/avr/include/avr/fuse.h",130,0,0,0
 104               		.stabs	"__fuse_t:t(8,1)=(8,2)=s3low:(0,13),0,8;high:(0,13),8,8;extended:(0,13),16,8;;",128,0,244,0
 105               		.stabn	162,0,0,0
 106               		.stabn	162,0,0,0
 107               		.stabn	162,0,0,0
 108               		.stabs	"theta_t:t(1,1)=(4,3)",128,0,76,0
 109               		.stabs	"axis_t:t(1,2)=(4,5)",128,0,123,0
 110               		.stabn	162,0,0,0
 111               		.stabs	"quadrantizeTheta:F(1,1)",36,0,155,quadrantizeTheta
 112               		.stabs	"theta:P(1,1)",64,0,155,24
 113               	.global	quadrantizeTheta
 114               		.type	quadrantizeTheta, @function
GAS LISTING /tmp/ccgJwnot.s 			page 3


 115               	quadrantizeTheta:
 116               		.stabd	46,0,0
   1:_commonCode_localized/sineTable/0.99/sineTable.c **** //Should be in sineTable.h anyhow.
   2:_commonCode_localized/sineTable/0.99/sineTable.c **** //#include <avr/pgmspace.h>
   3:_commonCode_localized/sineTable/0.99/sineTable.c **** #include "sineTable.h"
   4:_commonCode_localized/sineTable/0.99/sineTable.c **** 
   5:_commonCode_localized/sineTable/0.99/sineTable.c **** #if (_SINE_TYPE_ == 8)
   6:_commonCode_localized/sineTable/0.99/sineTable.c **** int8_t const sineTable[129] PROGMEM = {
   7:_commonCode_localized/sineTable/0.99/sineTable.c **** 	0, \
   8:_commonCode_localized/sineTable/0.99/sineTable.c **** 	2, 3, 5, 6, 8, \
   9:_commonCode_localized/sineTable/0.99/sineTable.c **** 	9, 11, 12, 14, 16, \
  10:_commonCode_localized/sineTable/0.99/sineTable.c **** 	17, 19, 20, 22, 23, \
  11:_commonCode_localized/sineTable/0.99/sineTable.c **** 	25, 26, 28, 29, 31, \
  12:_commonCode_localized/sineTable/0.99/sineTable.c **** 	32, 34, 35, 37, 38, \
  13:_commonCode_localized/sineTable/0.99/sineTable.c **** 	40, 41, 43, 44, 46, \
  14:_commonCode_localized/sineTable/0.99/sineTable.c **** 	47, 49, 50, 51, 53, \
  15:_commonCode_localized/sineTable/0.99/sineTable.c **** 	54, 56, 57, 58, 60, \
  16:_commonCode_localized/sineTable/0.99/sineTable.c **** 	61, 63, 64, 65, 67, \
  17:_commonCode_localized/sineTable/0.99/sineTable.c **** 	68, 69, 71, 72, 73, \
  18:_commonCode_localized/sineTable/0.99/sineTable.c **** 	74, 76, 77, 78, 79, \
  19:_commonCode_localized/sineTable/0.99/sineTable.c **** 	81, 82, 83, 84, 85, \
  20:_commonCode_localized/sineTable/0.99/sineTable.c **** 	86, 88, 89, 90, 91, \
  21:_commonCode_localized/sineTable/0.99/sineTable.c **** 	92, 93, 94, 95, 96, \
  22:_commonCode_localized/sineTable/0.99/sineTable.c **** 	97, 98, 99, 100, 101, \
  23:_commonCode_localized/sineTable/0.99/sineTable.c **** 	102, 103, 104, 105, 106, \
  24:_commonCode_localized/sineTable/0.99/sineTable.c **** 	106, 107, 108, 109, 110, \
  25:_commonCode_localized/sineTable/0.99/sineTable.c **** 	111, 111, 112, 113, 113, \
  26:_commonCode_localized/sineTable/0.99/sineTable.c **** 	114, 115, 115, 116, 117, \
  27:_commonCode_localized/sineTable/0.99/sineTable.c **** 	117, 118, 118, 119, 120, \
  28:_commonCode_localized/sineTable/0.99/sineTable.c **** 	120, 121, 121, 122, 122, \
  29:_commonCode_localized/sineTable/0.99/sineTable.c **** 	122, 123, 123, 124, 124, \
  30:_commonCode_localized/sineTable/0.99/sineTable.c **** 	124, 125, 125, 125, 125, \
  31:_commonCode_localized/sineTable/0.99/sineTable.c **** 	126, 126, 126, 126, 126, \
  32:_commonCode_localized/sineTable/0.99/sineTable.c **** 	127, 127, 127, 127, 127, \
  33:_commonCode_localized/sineTable/0.99/sineTable.c **** 	127, 127, 127
  34:_commonCode_localized/sineTable/0.99/sineTable.c **** };
  35:_commonCode_localized/sineTable/0.99/sineTable.c **** 
  36:_commonCode_localized/sineTable/0.99/sineTable.c **** #define pgm_read_sine8(variable) \
  37:_commonCode_localized/sineTable/0.99/sineTable.c ****      ((int8_t)pgm_read_byte((int8_t *)(&(variable))))
  38:_commonCode_localized/sineTable/0.99/sineTable.c **** 
  39:_commonCode_localized/sineTable/0.99/sineTable.c **** 
  40:_commonCode_localized/sineTable/0.99/sineTable.c **** #define SINE_DISABLE_SINERAW	TRUE
  41:_commonCode_localized/sineTable/0.99/sineTable.c **** #define SINE_RAW8	TRUE
  42:_commonCode_localized/sineTable/0.99/sineTable.c **** 
  43:_commonCode_localized/sineTable/0.99/sineTable.c **** #elif (_SINE_TYPE_ == 16)
  44:_commonCode_localized/sineTable/0.99/sineTable.c **** 
  45:_commonCode_localized/sineTable/0.99/sineTable.c **** // WHOOPS! ... actually the nearly exactly 256byte data section increase
  46:_commonCode_localized/sineTable/0.99/sineTable.c **** //   was due to double in sineScaled... (?)
  47:_commonCode_localized/sineTable/0.99/sineTable.c **** //   (then why is the .data section so small as to not include this table?)
  48:_commonCode_localized/sineTable/0.99/sineTable.c **** // prog_int16_t sineTable[] = { 
  49:_commonCode_localized/sineTable/0.99/sineTable.c ****  theta_t sineTable[129] PROGMEM = {
  50:_commonCode_localized/sineTable/0.99/sineTable.c **** 	 0, 402, 804, 1206, 1608, 2009, \
  51:_commonCode_localized/sineTable/0.99/sineTable.c **** 	 2410, 2811, 3212, 3612, 4011, \
  52:_commonCode_localized/sineTable/0.99/sineTable.c **** 	 4410, 4808, 5205, 5602, 5998, \
  53:_commonCode_localized/sineTable/0.99/sineTable.c **** 	 6393, 6786, 7179, 7571, 7962, \
  54:_commonCode_localized/sineTable/0.99/sineTable.c **** 	 8351, 8739, 9126, 9512, 9896, \
  55:_commonCode_localized/sineTable/0.99/sineTable.c **** 	 10278, 10659, 11039, 11417, 11793, \
GAS LISTING /tmp/ccgJwnot.s 			page 4


  56:_commonCode_localized/sineTable/0.99/sineTable.c **** 	 12167, 12539, 12910, 13279, 13645, \
  57:_commonCode_localized/sineTable/0.99/sineTable.c **** 	 14010, 14372, 14732, 15090, 15446, \
  58:_commonCode_localized/sineTable/0.99/sineTable.c **** 	 15800, 16151, 16499, 16846, 17189, \
  59:_commonCode_localized/sineTable/0.99/sineTable.c **** 	 17530, 17869, 18204, 18537, 18868, \
  60:_commonCode_localized/sineTable/0.99/sineTable.c **** 	 19195, 19519, 19841, 20159, 20475, \
  61:_commonCode_localized/sineTable/0.99/sineTable.c **** 	 20787, 21096, 21403, 21705, 22005, \
  62:_commonCode_localized/sineTable/0.99/sineTable.c **** 	 22301, 22594, 22884, 23170, 23452, \
  63:_commonCode_localized/sineTable/0.99/sineTable.c **** 	 23731, 24007, 24279, 24547, 24811, \
  64:_commonCode_localized/sineTable/0.99/sineTable.c **** 	 25072, 25329, 25582, 25832, 26077, \
  65:_commonCode_localized/sineTable/0.99/sineTable.c **** 	 26319, 26556, 26790, 27019, 27245, \
  66:_commonCode_localized/sineTable/0.99/sineTable.c **** 	 27466, 27683, 27896, 28105, 28310, \
  67:_commonCode_localized/sineTable/0.99/sineTable.c **** 	 28510, 28706, 28898, 29085, 29268, \
  68:_commonCode_localized/sineTable/0.99/sineTable.c **** 	 29447, 29621, 29791, 29956, 30117, \
  69:_commonCode_localized/sineTable/0.99/sineTable.c **** 	 30273, 30424, 30571, 30714, 30852, \
  70:_commonCode_localized/sineTable/0.99/sineTable.c **** 	 30985, 31113, 31237, 31356, 31470, \
  71:_commonCode_localized/sineTable/0.99/sineTable.c **** 	 31580, 31685, 31785, 31880, 31971, \
  72:_commonCode_localized/sineTable/0.99/sineTable.c **** 	 32057, 32137, 32213, 32285, 32351, \
  73:_commonCode_localized/sineTable/0.99/sineTable.c **** 	 32412, 32469, 32521, 32567, 32609, \
  74:_commonCode_localized/sineTable/0.99/sineTable.c **** 	 32646, 32678, 32705, 32728, 32745, \
  75:_commonCode_localized/sineTable/0.99/sineTable.c **** 	 32757, 32765, 32767};
  76:_commonCode_localized/sineTable/0.99/sineTable.c **** 
  77:_commonCode_localized/sineTable/0.99/sineTable.c **** /* NOT ROUNDED:
  78:_commonCode_localized/sineTable/0.99/sineTable.c **** 	0, 402, 804, 1206, 1607, 2009, \
  79:_commonCode_localized/sineTable/0.99/sineTable.c **** 	2410, 2811, 3211, 3611, 4011, \
  80:_commonCode_localized/sineTable/0.99/sineTable.c **** 	4409, 4807, 5205, 5601, 5997, \
  81:_commonCode_localized/sineTable/0.99/sineTable.c **** 	6392, 6786, 7179, 7571, 7961, \
  82:_commonCode_localized/sineTable/0.99/sineTable.c **** 	8351, 8739, 9126, 9511, 9895, \
  83:_commonCode_localized/sineTable/0.99/sineTable.c **** 	10278, 10659, 11038, 11416, 11792, \
  84:_commonCode_localized/sineTable/0.99/sineTable.c **** 	12166, 12539, 12909, 13278, 13645, \
  85:_commonCode_localized/sineTable/0.99/sineTable.c **** 	14009, 14372, 14732, 15090, 15446, \
  86:_commonCode_localized/sineTable/0.99/sineTable.c **** 	15799, 16150, 16499, 16845, 17189, \
  87:_commonCode_localized/sineTable/0.99/sineTable.c **** 	17530, 17868, 18204, 18537, 18867, \
  88:_commonCode_localized/sineTable/0.99/sineTable.c **** 	19194, 19519, 19840, 20159, 20474, \
  89:_commonCode_localized/sineTable/0.99/sineTable.c **** 	20787, 21096, 21402, 21705, 22004, \
  90:_commonCode_localized/sineTable/0.99/sineTable.c **** 	22301, 22594, 22883, 23169, 23452, \
  91:_commonCode_localized/sineTable/0.99/sineTable.c **** 	23731, 24006, 24278, 24546, 24811, \
  92:_commonCode_localized/sineTable/0.99/sineTable.c **** 	25072, 25329, 25582, 25831, 26077, \
  93:_commonCode_localized/sineTable/0.99/sineTable.c **** 	26318, 26556, 26789, 27019, 27244, \
  94:_commonCode_localized/sineTable/0.99/sineTable.c **** 	27466, 27683, 27896, 28105, 28309, \
  95:_commonCode_localized/sineTable/0.99/sineTable.c **** 	28510, 28706, 28897, 29085, 29268, \
  96:_commonCode_localized/sineTable/0.99/sineTable.c **** 	29446, 29621, 29790, 29955, 30116, \
  97:_commonCode_localized/sineTable/0.99/sineTable.c **** 	30272, 30424, 30571, 30713, 30851, \
  98:_commonCode_localized/sineTable/0.99/sineTable.c **** 	30984, 31113, 31236, 31356, 31470, \
  99:_commonCode_localized/sineTable/0.99/sineTable.c **** 	31580, 31684, 31785, 31880, 31970, \
 100:_commonCode_localized/sineTable/0.99/sineTable.c **** 	32056, 32137, 32213, 32284, 32350, \
 101:_commonCode_localized/sineTable/0.99/sineTable.c **** 	32412, 32468, 32520, 32567, 32609, \
 102:_commonCode_localized/sineTable/0.99/sineTable.c **** 	32646, 32678, 32705, 32727, 32744, \
 103:_commonCode_localized/sineTable/0.99/sineTable.c **** 	32757, 32764, 32767};
 104:_commonCode_localized/sineTable/0.99/sineTable.c **** */
 105:_commonCode_localized/sineTable/0.99/sineTable.c ****  #define pgm_read_sine(variable)	pgm_read_word(&(variable))
 106:_commonCode_localized/sineTable/0.99/sineTable.c **** 
 107:_commonCode_localized/sineTable/0.99/sineTable.c **** //Read the upper byte...
 108:_commonCode_localized/sineTable/0.99/sineTable.c ****  #define pgm_read_sine8(variable) \
 109:_commonCode_localized/sineTable/0.99/sineTable.c **** 		((int8_t)pgm_read_byte((int8_t *)(&(variable))+1))
 110:_commonCode_localized/sineTable/0.99/sineTable.c **** 
 111:_commonCode_localized/sineTable/0.99/sineTable.c **** #elif (_SINE_TYPE_ == 32)
 112:_commonCode_localized/sineTable/0.99/sineTable.c **** 
GAS LISTING /tmp/ccgJwnot.s 			page 5


 113:_commonCode_localized/sineTable/0.99/sineTable.c ****  //Should be 129 values... addresses 0-128
 114:_commonCode_localized/sineTable/0.99/sineTable.c **** // prog_int32_t sineTable[] = { 
 115:_commonCode_localized/sineTable/0.99/sineTable.c ****  int32_t sineTable[] PROGMEM = {
 116:_commonCode_localized/sineTable/0.99/sineTable.c **** 	0, 26352927, 52701886, 79042909, 105372028, 131685278, \
 117:_commonCode_localized/sineTable/0.99/sineTable.c **** 	157978697, 184248325, 210490205, 236700387, 262874923, \
 118:_commonCode_localized/sineTable/0.99/sineTable.c **** 	289009870, 315101294, 341145265, 367137860, 393075166, \
 119:_commonCode_localized/sineTable/0.99/sineTable.c **** 	418953276, 444768293, 470516330, 496193509, 521795962, \
 120:_commonCode_localized/sineTable/0.99/sineTable.c **** 	547319836, 572761285, 598116478, 623381597, 648552837, \
 121:_commonCode_localized/sineTable/0.99/sineTable.c **** 	673626407, 698598532, 723465451, 748223418, 772868705, \
 122:_commonCode_localized/sineTable/0.99/sineTable.c **** 	797397601, 821806412, 846091463, 870249094, 894275670, \
 123:_commonCode_localized/sineTable/0.99/sineTable.c **** 	918167571, 941921199, 965532977, 988999350, 1012316783, \
 124:_commonCode_localized/sineTable/0.99/sineTable.c **** 	1035481765, 1058490807, 1081340444, 1104027236, 1126547764, \
 125:_commonCode_localized/sineTable/0.99/sineTable.c **** 	1148898639, 1171076494, 1193077990, 1214899812, 1236538674, \
 126:_commonCode_localized/sineTable/0.99/sineTable.c **** 	1257991319, 1279254514, 1300325059, 1321199779, 1341875532, \
 127:_commonCode_localized/sineTable/0.99/sineTable.c **** 	1362349203, 1382617709, 1402677998, 1422527049, 1442161873, \
 128:_commonCode_localized/sineTable/0.99/sineTable.c **** 	1461579512, 1480777043, 1499751575, 1518500249, 1537020242, \
 129:_commonCode_localized/sineTable/0.99/sineTable.c **** 	1555308767, 1573363067, 1591180424, 1608758156, 1626093615, \
 130:_commonCode_localized/sineTable/0.99/sineTable.c **** 	1643184190, 1660027307, 1676620430, 1692961061, 1709046738, \
 131:_commonCode_localized/sineTable/0.99/sineTable.c **** 	1724875039, 1740443579, 1755750016, 1770792043, 1785567395, \
 132:_commonCode_localized/sineTable/0.99/sineTable.c **** 	1800073847, 1814309215, 1828271354, 1841958163, 1855367579, \
 133:_commonCode_localized/sineTable/0.99/sineTable.c **** 	1868497584, 1881346200, 1893911493, 1906191569, 1918184579, \
 134:_commonCode_localized/sineTable/0.99/sineTable.c **** 	1929888719, 1941302224, 1952423376, 1963250500, 1973781966, \
 135:_commonCode_localized/sineTable/0.99/sineTable.c **** 	1984016187, 1993951623, 2003586778, 2012920199, 2021950482, \
 136:_commonCode_localized/sineTable/0.99/sineTable.c **** 	2030676267, 2039096240, 2047209132, 2055013722, 2062508834, \
 137:_commonCode_localized/sineTable/0.99/sineTable.c **** 	2069693340, 2076566158, 2083126253, 2089372636, 2095304368, \
 138:_commonCode_localized/sineTable/0.99/sineTable.c **** 	2100920555, 2106220350, 2111202957, 2115867624, 2120213650, \
 139:_commonCode_localized/sineTable/0.99/sineTable.c **** 	2124240379, 2127947205, 2131333570, 2134398964, 2137142926, \
 140:_commonCode_localized/sineTable/0.99/sineTable.c **** 	2139565041, 2141664947, 2143442325, 2144896908, 2146028478, \
 141:_commonCode_localized/sineTable/0.99/sineTable.c **** 	2146836865, 2147321945, 2147483647};
 142:_commonCode_localized/sineTable/0.99/sineTable.c **** 
 143:_commonCode_localized/sineTable/0.99/sineTable.c ****  #define pgm_read_sine(variable)	pgm_read_dword(&(variable))
 144:_commonCode_localized/sineTable/0.99/sineTable.c **** 
 145:_commonCode_localized/sineTable/0.99/sineTable.c **** #else
 146:_commonCode_localized/sineTable/0.99/sineTable.c ****  #error "SINE_TYPE not defined or not handled"
 147:_commonCode_localized/sineTable/0.99/sineTable.c **** #endif
 148:_commonCode_localized/sineTable/0.99/sineTable.c **** 
 149:_commonCode_localized/sineTable/0.99/sineTable.c **** #if (!defined(SINE_TABLE_ONLY) || !SINE_TABLE_ONLY)
 150:_commonCode_localized/sineTable/0.99/sineTable.c **** 
 151:_commonCode_localized/sineTable/0.99/sineTable.c **** //Takes theta of any value in theta_t's range, and returns a theta
 152:_commonCode_localized/sineTable/0.99/sineTable.c **** // that fits in the first quadrant (for reading from the table)
 153:_commonCode_localized/sineTable/0.99/sineTable.c **** // negative values returned here are to be absoluted, first
 154:_commonCode_localized/sineTable/0.99/sineTable.c **** // but they indicate that the resulting sine value is to be negated
 155:_commonCode_localized/sineTable/0.99/sineTable.c **** theta_t quadrantizeTheta(theta_t theta)
 156:_commonCode_localized/sineTable/0.99/sineTable.c **** {
 117               		.stabn	68,0,156,.LM0-.LFBB1
 118               	.LM0:
 119               	.LFBB1:
 120               	/* prologue: function */
 121               	/* frame size = 0 */
 122               	/* stack size = 0 */
 123               	.L__stack_usage = 0
 157:_commonCode_localized/sineTable/0.99/sineTable.c **** 
 158:_commonCode_localized/sineTable/0.99/sineTable.c **** 	theta %= SINE_2PI;
 124               		.stabn	68,0,158,.LM1-.LFBB1
 125               	.LM1:
 126 0000 60E0      		ldi r22,0
 127 0002 72E0      		ldi r23,lo8(2)
GAS LISTING /tmp/ccgJwnot.s 			page 6


 128 0004 00D0      		rcall __divmodhi4
 159:_commonCode_localized/sineTable/0.99/sineTable.c **** 
 160:_commonCode_localized/sineTable/0.99/sineTable.c **** 	if(theta < 0)
 129               		.stabn	68,0,160,.LM2-.LFBB1
 130               	.LM2:
 131 0006 97FD      		sbrc r25,7
 161:_commonCode_localized/sineTable/0.99/sineTable.c **** 		theta = SINE_2PI + theta;
 132               		.stabn	68,0,161,.LM3-.LFBB1
 133               	.LM3:
 134 0008 9E5F      		subi r25,-2
 135               	.L2:
 162:_commonCode_localized/sineTable/0.99/sineTable.c **** 
 163:_commonCode_localized/sineTable/0.99/sineTable.c **** //For more accurate realtimeishness, it might be worthwhile to reverse this order...
 164:_commonCode_localized/sineTable/0.99/sineTable.c **** 	
 165:_commonCode_localized/sineTable/0.99/sineTable.c **** 	//in the first quadrant, just take the sine value from the table
 166:_commonCode_localized/sineTable/0.99/sineTable.c **** 	if(theta < SINE_SIZE-1) //128)
 136               		.stabn	68,0,166,.LM4-.LFBB1
 137               	.LM4:
 138 000a 8038      		cpi r24,-128
 139 000c 9105      		cpc r25,__zero_reg__
 140 000e 04F0      		brlt .L3
 167:_commonCode_localized/sineTable/0.99/sineTable.c **** 	{
 168:_commonCode_localized/sineTable/0.99/sineTable.c **** 		//theta=theta;
 169:_commonCode_localized/sineTable/0.99/sineTable.c **** 	}	
 170:_commonCode_localized/sineTable/0.99/sineTable.c **** 	//in the second quadrant, mirror theta and subtract the offset
 171:_commonCode_localized/sineTable/0.99/sineTable.c **** 	else if(theta < SINE_SIZE2) //256)
 141               		.stabn	68,0,171,.LM5-.LFBB1
 142               	.LM5:
 143 0010 8F3F      		cpi r24,-1
 144 0012 9105      		cpc r25,__zero_reg__
 145 0014 01F0      		breq .L6
 146 0016 04F0      		brlt .L6
 172:_commonCode_localized/sineTable/0.99/sineTable.c **** 	{
 173:_commonCode_localized/sineTable/0.99/sineTable.c **** 		theta=SINE_SIZE2-theta;
 174:_commonCode_localized/sineTable/0.99/sineTable.c **** 		//return pgm_read_sine(sineTable[SINE_SIZE2-theta]); //256-theta]);
 175:_commonCode_localized/sineTable/0.99/sineTable.c **** 	}
 176:_commonCode_localized/sineTable/0.99/sineTable.c **** 	//in the third quadrant, mirror the value and subtract the offset
 177:_commonCode_localized/sineTable/0.99/sineTable.c **** 	else if(theta < SINE_SIZE3) //384)
 147               		.stabn	68,0,177,.LM6-.LFBB1
 148               	.LM6:
 149 0018 8038      		cpi r24,-128
 150 001a 51E0      		ldi r21,1
 151 001c 9507      		cpc r25,r21
 152 001e 04F4      		brge .L5
 153               	.L6:
 178:_commonCode_localized/sineTable/0.99/sineTable.c **** 	{
 179:_commonCode_localized/sineTable/0.99/sineTable.c **** 		theta=-(theta-SINE_SIZE2);
 154               		.stabn	68,0,179,.LM7-.LFBB1
 155               	.LM7:
 156 0020 20E0      		ldi r18,0
 157 0022 31E0      		ldi r19,lo8(1)
 158 0024 A901      		movw r20,r18
 159 0026 481B      		sub r20,r24
 160 0028 590B      		sbc r21,r25
 161 002a CA01      		movw r24,r20
 162 002c 0895      		ret
 163               	.L5:
GAS LISTING /tmp/ccgJwnot.s 			page 7


 180:_commonCode_localized/sineTable/0.99/sineTable.c **** 		//negative=TRUE;
 181:_commonCode_localized/sineTable/0.99/sineTable.c **** 		//return -(sine_t)pgm_read_sine(sineTable[theta-SINE_SIZE2]); //256]);
 182:_commonCode_localized/sineTable/0.99/sineTable.c **** 	}
 183:_commonCode_localized/sineTable/0.99/sineTable.c **** 	//in the fourth quadrant, mirror both theta and the value and subtract the offset...
 184:_commonCode_localized/sineTable/0.99/sineTable.c **** 	else
 185:_commonCode_localized/sineTable/0.99/sineTable.c **** 	{
 186:_commonCode_localized/sineTable/0.99/sineTable.c **** 		theta=-(SINE_SIZE4-theta);
 164               		.stabn	68,0,186,.LM8-.LFBB1
 165               	.LM8:
 166 002e 9250      		subi r25,2
 167               	.L3:
 187:_commonCode_localized/sineTable/0.99/sineTable.c **** 		//negative=TRUE;
 188:_commonCode_localized/sineTable/0.99/sineTable.c **** 		//return -(sine_t)pgm_read_sine(sineTable[SINE_SIZE4-theta]); //512-theta]);
 189:_commonCode_localized/sineTable/0.99/sineTable.c **** 	}
 190:_commonCode_localized/sineTable/0.99/sineTable.c **** 
 191:_commonCode_localized/sineTable/0.99/sineTable.c **** 	return theta;
 192:_commonCode_localized/sineTable/0.99/sineTable.c **** }
 168               		.stabn	68,0,192,.LM9-.LFBB1
 169               	.LM9:
 170 0030 0895      		ret
 171               		.size	quadrantizeTheta, .-quadrantizeTheta
 172               	.Lscope1:
 173               		.stabs	"",36,0,0,.Lscope1-.LFBB1
 174               		.stabd	78,0,0
 175               		.stabs	"sineRaw8:F(4,1)",36,0,267,sineRaw8
 176               		.stabs	"theta:P(1,1)",64,0,267,24
 177               	.global	sineRaw8
 178               		.type	sineRaw8, @function
 179               	sineRaw8:
 180               		.stabd	46,0,0
 193:_commonCode_localized/sineTable/0.99/sineTable.c **** 
 194:_commonCode_localized/sineTable/0.99/sineTable.c **** #if(!defined(SINE_DISABLE_SINERAW) || !SINE_DISABLE_SINERAW)
 195:_commonCode_localized/sineTable/0.99/sineTable.c **** //Stores the scaled sine-values... so calculations can be executed initially
 196:_commonCode_localized/sineTable/0.99/sineTable.c **** //  and retrieval can be quite quick...
 197:_commonCode_localized/sineTable/0.99/sineTable.c **** //  These values are scaled to match the axes AND amplitude
 198:_commonCode_localized/sineTable/0.99/sineTable.c **** //int32_t sineTable[129];
 199:_commonCode_localized/sineTable/0.99/sineTable.c **** 
 200:_commonCode_localized/sineTable/0.99/sineTable.c **** // [I think] Use pgm_read_dword(address_short) unless it's far... we'll have to determine that...
 201:_commonCode_localized/sineTable/0.99/sineTable.c **** // probably OK since it's in the same file... who knows.. .data vs .text?
 202:_commonCode_localized/sineTable/0.99/sineTable.c **** 
 203:_commonCode_localized/sineTable/0.99/sineTable.c **** 
 204:_commonCode_localized/sineTable/0.99/sineTable.c **** //theta is a value between 0 and 511 (representing an angle of 0-359.som'n deg)
 205:_commonCode_localized/sineTable/0.99/sineTable.c **** //   rollover/wraparound should work fine... (e.g. Sine(coord_t))
 206:_commonCode_localized/sineTable/0.99/sineTable.c **** //output is a value between -INT32_MAX and INT32_MAX (representing sin values -1 to 1)
 207:_commonCode_localized/sineTable/0.99/sineTable.c **** sine_t sineRaw(theta_t theta)
 208:_commonCode_localized/sineTable/0.99/sineTable.c **** {
 209:_commonCode_localized/sineTable/0.99/sineTable.c **** 	uint8_t negative=FALSE;
 210:_commonCode_localized/sineTable/0.99/sineTable.c **** 
 211:_commonCode_localized/sineTable/0.99/sineTable.c **** 	theta = quadrantizeTheta(theta);
 212:_commonCode_localized/sineTable/0.99/sineTable.c **** /*
 213:_commonCode_localized/sineTable/0.99/sineTable.c **** //	theta %= 512;
 214:_commonCode_localized/sineTable/0.99/sineTable.c **** 	theta %= SINE_2PI;
 215:_commonCode_localized/sineTable/0.99/sineTable.c **** 
 216:_commonCode_localized/sineTable/0.99/sineTable.c **** 	if(theta < 0)
 217:_commonCode_localized/sineTable/0.99/sineTable.c **** 		theta = SINE_2PI + theta;
 218:_commonCode_localized/sineTable/0.99/sineTable.c **** 
 219:_commonCode_localized/sineTable/0.99/sineTable.c **** //For more accurate realtimeishness, it might be worthwhile to reverse this order...
GAS LISTING /tmp/ccgJwnot.s 			page 8


 220:_commonCode_localized/sineTable/0.99/sineTable.c **** 	
 221:_commonCode_localized/sineTable/0.99/sineTable.c **** 	//in the first quadrant, just take the sine value from the table
 222:_commonCode_localized/sineTable/0.99/sineTable.c **** 	if(theta < SINE_SIZE-1) //128)
 223:_commonCode_localized/sineTable/0.99/sineTable.c **** 	{
 224:_commonCode_localized/sineTable/0.99/sineTable.c **** 		//theta = theta;
 225:_commonCode_localized/sineTable/0.99/sineTable.c **** 		//return pgm_read_sine(sineTable[theta]);
 226:_commonCode_localized/sineTable/0.99/sineTable.c **** 	}	
 227:_commonCode_localized/sineTable/0.99/sineTable.c **** 	//in the second quadrant, mirror theta and subtract the offset
 228:_commonCode_localized/sineTable/0.99/sineTable.c **** 	else if(theta < SINE_SIZE2) //256)
 229:_commonCode_localized/sineTable/0.99/sineTable.c **** 	{
 230:_commonCode_localized/sineTable/0.99/sineTable.c **** 		theta=SINE_SIZE2-theta;
 231:_commonCode_localized/sineTable/0.99/sineTable.c **** 		//return pgm_read_sine(sineTable[SINE_SIZE2-theta]); //256-theta]);
 232:_commonCode_localized/sineTable/0.99/sineTable.c **** 	}
 233:_commonCode_localized/sineTable/0.99/sineTable.c **** 	//in the third quadrant, mirror the value and subtract the offset
 234:_commonCode_localized/sineTable/0.99/sineTable.c **** 	else if(theta < SINE_SIZE3) //384)
 235:_commonCode_localized/sineTable/0.99/sineTable.c **** 	{
 236:_commonCode_localized/sineTable/0.99/sineTable.c **** 		theta=theta-SINE_SIZE2;
 237:_commonCode_localized/sineTable/0.99/sineTable.c **** 		negative=TRUE;
 238:_commonCode_localized/sineTable/0.99/sineTable.c **** 		//return -(sine_t)pgm_read_sine(sineTable[theta-SINE_SIZE2]); //256]);
 239:_commonCode_localized/sineTable/0.99/sineTable.c **** 	}
 240:_commonCode_localized/sineTable/0.99/sineTable.c **** 	//in the fourth quadrant, mirror both theta and the value and subtract the offset...
 241:_commonCode_localized/sineTable/0.99/sineTable.c **** 	else
 242:_commonCode_localized/sineTable/0.99/sineTable.c **** 	{
 243:_commonCode_localized/sineTable/0.99/sineTable.c **** 		theta=SINE_SIZE4-theta;
 244:_commonCode_localized/sineTable/0.99/sineTable.c **** 		negative=TRUE;
 245:_commonCode_localized/sineTable/0.99/sineTable.c **** 		//return -(sine_t)pgm_read_sine(sineTable[SINE_SIZE4-theta]); //512-theta]);
 246:_commonCode_localized/sineTable/0.99/sineTable.c **** 	}
 247:_commonCode_localized/sineTable/0.99/sineTable.c **** 
 248:_commonCode_localized/sineTable/0.99/sineTable.c **** 	//This reduced code-size from 3860 to 3838
 249:_commonCode_localized/sineTable/0.99/sineTable.c **** */
 250:_commonCode_localized/sineTable/0.99/sineTable.c **** 	//adding quadrantizeTheta increased it to 3844
 251:_commonCode_localized/sineTable/0.99/sineTable.c **** 	// but should be dramatic in combination with sineRaw8
 252:_commonCode_localized/sineTable/0.99/sineTable.c **** 	if(theta < 0)
 253:_commonCode_localized/sineTable/0.99/sineTable.c **** 	{
 254:_commonCode_localized/sineTable/0.99/sineTable.c **** 		theta = -theta;
 255:_commonCode_localized/sineTable/0.99/sineTable.c **** 		negative=TRUE;
 256:_commonCode_localized/sineTable/0.99/sineTable.c **** 	}
 257:_commonCode_localized/sineTable/0.99/sineTable.c **** 
 258:_commonCode_localized/sineTable/0.99/sineTable.c **** 	sine_t sine=pgm_read_sine(sineTable[theta]);
 259:_commonCode_localized/sineTable/0.99/sineTable.c **** 	
 260:_commonCode_localized/sineTable/0.99/sineTable.c **** 	if(negative)
 261:_commonCode_localized/sineTable/0.99/sineTable.c **** 		sine = -sine;
 262:_commonCode_localized/sineTable/0.99/sineTable.c **** 	return sine;
 263:_commonCode_localized/sineTable/0.99/sineTable.c **** }
 264:_commonCode_localized/sineTable/0.99/sineTable.c **** #endif
 265:_commonCode_localized/sineTable/0.99/sineTable.c **** 
 266:_commonCode_localized/sineTable/0.99/sineTable.c **** #if ( defined(SINE_RAW8) && SINE_RAW8 )
 267:_commonCode_localized/sineTable/0.99/sineTable.c **** int8_t sineRaw8(theta_t theta)
 268:_commonCode_localized/sineTable/0.99/sineTable.c **** {
 181               		.stabn	68,0,268,.LM10-.LFBB2
 182               	.LM10:
 183               	.LFBB2:
 184               	/* prologue: function */
 185               	/* frame size = 0 */
 186               	/* stack size = 0 */
 187               	.L__stack_usage = 0
 269:_commonCode_localized/sineTable/0.99/sineTable.c **** 	/*
GAS LISTING /tmp/ccgJwnot.s 			page 9


 270:_commonCode_localized/sineTable/0.99/sineTable.c **** 	theta %= SINE_2PI;
 271:_commonCode_localized/sineTable/0.99/sineTable.c **** 
 272:_commonCode_localized/sineTable/0.99/sineTable.c **** 	if(theta < 0)
 273:_commonCode_localized/sineTable/0.99/sineTable.c **** 		theta = SINE_2PI + theta;
 274:_commonCode_localized/sineTable/0.99/sineTable.c **** 
 275:_commonCode_localized/sineTable/0.99/sineTable.c **** 	if(theta < SINE_SIZE-1)
 276:_commonCode_localized/sineTable/0.99/sineTable.c **** 		return pgm_read_sine8(sineTable[theta]);
 277:_commonCode_localized/sineTable/0.99/sineTable.c ****    else if(theta < SINE_SIZE2) //256)
 278:_commonCode_localized/sineTable/0.99/sineTable.c **** 		return pgm_read_sine8(sineTable[SINE_SIZE2-theta]); //256-theta]);
 279:_commonCode_localized/sineTable/0.99/sineTable.c **** 	else if(theta < SINE_SIZE3) //384)
 280:_commonCode_localized/sineTable/0.99/sineTable.c **** 		return -(int8_t)pgm_read_sine8(sineTable[theta-SINE_SIZE2]); //256]);
 281:_commonCode_localized/sineTable/0.99/sineTable.c **** 	else
 282:_commonCode_localized/sineTable/0.99/sineTable.c **** 	   return -(int8_t)pgm_read_sine8(sineTable[SINE_SIZE4-theta]); 
 283:_commonCode_localized/sineTable/0.99/sineTable.c **** 	*/
 284:_commonCode_localized/sineTable/0.99/sineTable.c **** 
 285:_commonCode_localized/sineTable/0.99/sineTable.c **** 	//And doing this here, reduced from 3844 to 3770
 286:_commonCode_localized/sineTable/0.99/sineTable.c **** 	uint8_t negative = FALSE;
 287:_commonCode_localized/sineTable/0.99/sineTable.c **** 	theta=quadrantizeTheta(theta);
 188               		.stabn	68,0,287,.LM11-.LFBB2
 189               	.LM11:
 190 0032 00D0      		rcall quadrantizeTheta
 288:_commonCode_localized/sineTable/0.99/sineTable.c **** 
 289:_commonCode_localized/sineTable/0.99/sineTable.c **** 	if(theta < 0)
 191               		.stabn	68,0,289,.LM12-.LFBB2
 192               	.LM12:
 193 0034 97FF      		sbrs r25,7
 194 0036 00C0      		rjmp .L12
 290:_commonCode_localized/sineTable/0.99/sineTable.c **** 	{
 291:_commonCode_localized/sineTable/0.99/sineTable.c **** 		theta = -theta;
 195               		.stabn	68,0,291,.LM13-.LFBB2
 196               	.LM13:
 197 0038 9195      		neg r25
 198 003a 8195      		neg r24
 199 003c 9109      		sbc r25,__zero_reg__
 292:_commonCode_localized/sineTable/0.99/sineTable.c **** 		negative = TRUE;
 200               		.stabn	68,0,292,.LM14-.LFBB2
 201               	.LM14:
 202 003e 21E0      		ldi r18,lo8(1)
 203 0040 00C0      		rjmp .L9
 204               	.L12:
 286:_commonCode_localized/sineTable/0.99/sineTable.c **** 	theta=quadrantizeTheta(theta);
 205               		.stabn	68,0,286,.LM15-.LFBB2
 206               	.LM15:
 207 0042 20E0      		ldi r18,0
 208               	.L9:
 209               	.LBB2:
 293:_commonCode_localized/sineTable/0.99/sineTable.c **** 	}
 294:_commonCode_localized/sineTable/0.99/sineTable.c **** 
 295:_commonCode_localized/sineTable/0.99/sineTable.c **** 	int8_t sine=pgm_read_sine8(sineTable[theta]);
 210               		.stabn	68,0,295,.LM16-.LFBB2
 211               	.LM16:
 212 0044 FC01      		movw r30,r24
 213 0046 E050      		subi r30,lo8(-(sineTable))
 214 0048 F040      		sbci r31,hi8(-(sineTable))
 215               	/* #APP */
 216               	 ;  295 "_commonCode_localized/sineTable/0.99/sineTable.c" 1
 217 004a 8491      		lpm r24, Z
GAS LISTING /tmp/ccgJwnot.s 			page 10


 218               		
 219               	 ;  0 "" 2
 220               	/* #NOAPP */
 221               	.LBE2:
 296:_commonCode_localized/sineTable/0.99/sineTable.c **** 
 297:_commonCode_localized/sineTable/0.99/sineTable.c **** 	if(negative)
 222               		.stabn	68,0,297,.LM17-.LFBB2
 223               	.LM17:
 224 004c 2111      		cpse r18,__zero_reg__
 298:_commonCode_localized/sineTable/0.99/sineTable.c **** 		sine = -sine;
 225               		.stabn	68,0,298,.LM18-.LFBB2
 226               	.LM18:
 227 004e 8195      		neg r24
 228               	.L11:
 299:_commonCode_localized/sineTable/0.99/sineTable.c **** 	return sine;
 300:_commonCode_localized/sineTable/0.99/sineTable.c **** }
 229               		.stabn	68,0,300,.LM19-.LFBB2
 230               	.LM19:
 231 0050 0895      		ret
 232               		.size	sineRaw8, .-sineRaw8
 233               		.stabs	"negative:r(4,2)",64,0,286,18
 234               		.stabs	"sine:r(4,1)",64,0,295,24
 235               		.stabn	192,0,0,.LFBB2-.LFBB2
 236               		.stabn	224,0,0,.Lscope2-.LFBB2
 237               	.Lscope2:
 238               		.stabs	"",36,0,0,.Lscope2-.LFBB2
 239               		.stabd	78,0,0
 240               	.global	sineTable
 241               		.section	.progmem.data,"a",@progbits
 242               		.type	sineTable, @object
 243               		.size	sineTable, 129
 244               	sineTable:
 245 0000 00        		.byte	0
 246 0001 02        		.byte	2
 247 0002 03        		.byte	3
 248 0003 05        		.byte	5
 249 0004 06        		.byte	6
 250 0005 08        		.byte	8
 251 0006 09        		.byte	9
 252 0007 0B        		.byte	11
 253 0008 0C        		.byte	12
 254 0009 0E        		.byte	14
 255 000a 10        		.byte	16
 256 000b 11        		.byte	17
 257 000c 13        		.byte	19
 258 000d 14        		.byte	20
 259 000e 16        		.byte	22
 260 000f 17        		.byte	23
 261 0010 19        		.byte	25
 262 0011 1A        		.byte	26
 263 0012 1C        		.byte	28
 264 0013 1D        		.byte	29
 265 0014 1F        		.byte	31
 266 0015 20        		.byte	32
 267 0016 22        		.byte	34
 268 0017 23        		.byte	35
 269 0018 25        		.byte	37
GAS LISTING /tmp/ccgJwnot.s 			page 11


 270 0019 26        		.byte	38
 271 001a 28        		.byte	40
 272 001b 29        		.byte	41
 273 001c 2B        		.byte	43
 274 001d 2C        		.byte	44
 275 001e 2E        		.byte	46
 276 001f 2F        		.byte	47
 277 0020 31        		.byte	49
 278 0021 32        		.byte	50
 279 0022 33        		.byte	51
 280 0023 35        		.byte	53
 281 0024 36        		.byte	54
 282 0025 38        		.byte	56
 283 0026 39        		.byte	57
 284 0027 3A        		.byte	58
 285 0028 3C        		.byte	60
 286 0029 3D        		.byte	61
 287 002a 3F        		.byte	63
 288 002b 40        		.byte	64
 289 002c 41        		.byte	65
 290 002d 43        		.byte	67
 291 002e 44        		.byte	68
 292 002f 45        		.byte	69
 293 0030 47        		.byte	71
 294 0031 48        		.byte	72
 295 0032 49        		.byte	73
 296 0033 4A        		.byte	74
 297 0034 4C        		.byte	76
 298 0035 4D        		.byte	77
 299 0036 4E        		.byte	78
 300 0037 4F        		.byte	79
 301 0038 51        		.byte	81
 302 0039 52        		.byte	82
 303 003a 53        		.byte	83
 304 003b 54        		.byte	84
 305 003c 55        		.byte	85
 306 003d 56        		.byte	86
 307 003e 58        		.byte	88
 308 003f 59        		.byte	89
 309 0040 5A        		.byte	90
 310 0041 5B        		.byte	91
 311 0042 5C        		.byte	92
 312 0043 5D        		.byte	93
 313 0044 5E        		.byte	94
 314 0045 5F        		.byte	95
 315 0046 60        		.byte	96
 316 0047 61        		.byte	97
 317 0048 62        		.byte	98
 318 0049 63        		.byte	99
 319 004a 64        		.byte	100
 320 004b 65        		.byte	101
 321 004c 66        		.byte	102
 322 004d 67        		.byte	103
 323 004e 68        		.byte	104
 324 004f 69        		.byte	105
 325 0050 6A        		.byte	106
 326 0051 6A        		.byte	106
GAS LISTING /tmp/ccgJwnot.s 			page 12


 327 0052 6B        		.byte	107
 328 0053 6C        		.byte	108
 329 0054 6D        		.byte	109
 330 0055 6E        		.byte	110
 331 0056 6F        		.byte	111
 332 0057 6F        		.byte	111
 333 0058 70        		.byte	112
 334 0059 71        		.byte	113
 335 005a 71        		.byte	113
 336 005b 72        		.byte	114
 337 005c 73        		.byte	115
 338 005d 73        		.byte	115
 339 005e 74        		.byte	116
 340 005f 75        		.byte	117
 341 0060 75        		.byte	117
 342 0061 76        		.byte	118
 343 0062 76        		.byte	118
 344 0063 77        		.byte	119
 345 0064 78        		.byte	120
 346 0065 78        		.byte	120
 347 0066 79        		.byte	121
 348 0067 79        		.byte	121
 349 0068 7A        		.byte	122
 350 0069 7A        		.byte	122
 351 006a 7A        		.byte	122
 352 006b 7B        		.byte	123
 353 006c 7B        		.byte	123
 354 006d 7C        		.byte	124
 355 006e 7C        		.byte	124
 356 006f 7C        		.byte	124
 357 0070 7D        		.byte	125
 358 0071 7D        		.byte	125
 359 0072 7D        		.byte	125
 360 0073 7D        		.byte	125
 361 0074 7E        		.byte	126
 362 0075 7E        		.byte	126
 363 0076 7E        		.byte	126
 364 0077 7E        		.byte	126
 365 0078 7E        		.byte	126
 366 0079 7F        		.byte	127
 367 007a 7F        		.byte	127
 368 007b 7F        		.byte	127
 369 007c 7F        		.byte	127
 370 007d 7F        		.byte	127
 371 007e 7F        		.byte	127
 372 007f 7F        		.byte	127
 373 0080 7F        		.byte	127
 374               		.stabs	"sineTable:G(0,50)=ar(0,51)=r(0,51);0;0177777;;0;128;(0,52)=k(4,1)",32,0,6,0
 375               		.text
 376               		.stabs	"",100,0,0,.Letext0
 377               	.Letext0:
 378               		.ident	"GCC: (GNU) 5.4.0"
GAS LISTING /tmp/ccgJwnot.s 			page 13


DEFINED SYMBOLS
                            *ABS*:0000000000000000 sineTable.c
     /tmp/ccgJwnot.s:2      *ABS*:000000000000003e __SP_H__
     /tmp/ccgJwnot.s:3      *ABS*:000000000000003d __SP_L__
     /tmp/ccgJwnot.s:4      *ABS*:000000000000003f __SREG__
     /tmp/ccgJwnot.s:5      *ABS*:0000000000000000 __tmp_reg__
     /tmp/ccgJwnot.s:6      *ABS*:0000000000000001 __zero_reg__
     /tmp/ccgJwnot.s:115    .text:0000000000000000 quadrantizeTheta
     /tmp/ccgJwnot.s:179    .text:0000000000000032 sineRaw8
     /tmp/ccgJwnot.s:244    .progmem.data:0000000000000000 sineTable

UNDEFINED SYMBOLS
__divmodhi4
